<?xml version="1.0" encoding="UTF-8"?>
<!-- Generated by org.testng.reporters.JUnitReportReporter -->
<testsuite hostname="MSI" failures="0" tests="7" name="Day2.TestNGGroups" time="0.006" errors="0" timestamp="2022-12-24T08:15:03 IST" skipped="0">
  <testcase classname="Day2.TestNGGroups" name="d_method" time="0.000"/>
  <system-out/>
  <testcase classname="Day2.TestNGGroups" name="b_method" time="0.000"/>
  <system-out/>
  <testcase classname="Day2.TestNGGroups" name="e_method" time="0.001"/>
  <system-out/>
  <testcase classname="Day2.TestNGGroups" name="g_method" time="0.000"/>
  <system-out/>
  <testcase classname="Day2.TestNGGroups" name="a_method" time="0.005"/>
  <system-out/>
  <testcase classname="Day2.TestNGGroups" name="c_method" time="0.000"/>
  <system-out/>
  <testcase classname="Day2.TestNGGroups" name="f_method" time="0.000"/>
  <system-out/>
</testsuite> <!-- Day2.TestNGGroups -->
